C:\Users\jainroh\Desktop\WebApplication16\WebApplication16\angular-app\dist\out-tsc\app\app-routing.module.js
C:\Users\jainroh\Desktop\WebApplication16\WebApplication16\angular-app\dist\out-tsc\app\app-routing.module.js.map
C:\Users\jainroh\Desktop\WebApplication16\WebApplication16\angular-app\dist\out-tsc\app\app.component.js
C:\Users\jainroh\Desktop\WebApplication16\WebApplication16\angular-app\dist\out-tsc\app\app.component.js.map
C:\Users\jainroh\Desktop\WebApplication16\WebApplication16\angular-app\dist\out-tsc\app\file-upload.service.js
C:\Users\jainroh\Desktop\WebApplication16\WebApplication16\angular-app\dist\out-tsc\app\file-upload.service.js.map
C:\Users\jainroh\Desktop\WebApplication16\WebApplication16\angular-app\dist\out-tsc\app\file-upload\file-upload.component.js
C:\Users\jainroh\Desktop\WebApplication16\WebApplication16\angular-app\dist\out-tsc\app\file-upload\file-upload.component.js.map
C:\Users\jainroh\Desktop\WebApplication16\WebApplication16\angular-app\dist\out-tsc\app\chart\chart.service.js
C:\Users\jainroh\Desktop\WebApplication16\WebApplication16\angular-app\dist\out-tsc\app\chart\chart.service.js.map
C:\Users\jainroh\Desktop\WebApplication16\WebApplication16\angular-app\dist\out-tsc\app\chart\chart.component.js
C:\Users\jainroh\Desktop\WebApplication16\WebApplication16\angular-app\dist\out-tsc\app\chart\chart.component.js.map
C:\Users\jainroh\Desktop\WebApplication16\WebApplication16\angular-app\dist\out-tsc\app\app.module.js
C:\Users\jainroh\Desktop\WebApplication16\WebApplication16\angular-app\dist\out-tsc\app\app.module.js.map
C:\Users\jainroh\Desktop\WebApplication16\WebApplication16\angular-app\dist\out-tsc\main.js
C:\Users\jainroh\Desktop\WebApplication16\WebApplication16\angular-app\dist\out-tsc\main.js.map
C:\Users\jainroh\Desktop\WebApplication16\WebApplication16\angular-app\dist\out-tsc\app\app.component.spec.js
C:\Users\jainroh\Desktop\WebApplication16\WebApplication16\angular-app\dist\out-tsc\app\app.component.spec.js.map
C:\Users\jainroh\Desktop\WebApplication16\WebApplication16\angular-app\dist\out-tsc\app\file-upload.service.spec.js
C:\Users\jainroh\Desktop\WebApplication16\WebApplication16\angular-app\dist\out-tsc\app\file-upload.service.spec.js.map
C:\Users\jainroh\Desktop\WebApplication16\WebApplication16\angular-app\dist\out-tsc\app\chart\chart.component.spec.js
C:\Users\jainroh\Desktop\WebApplication16\WebApplication16\angular-app\dist\out-tsc\app\chart\chart.component.spec.js.map
C:\Users\jainroh\Desktop\WebApplication16\WebApplication16\angular-app\dist\out-tsc\app\chart\chart.service.spec.js
C:\Users\jainroh\Desktop\WebApplication16\WebApplication16\angular-app\dist\out-tsc\app\chart\chart.service.spec.js.map
C:\Users\jainroh\Desktop\WebApplication16\WebApplication16\angular-app\dist\out-tsc\app\file-upload\file-upload.component.spec.js
C:\Users\jainroh\Desktop\WebApplication16\WebApplication16\angular-app\dist\out-tsc\app\file-upload\file-upload.component.spec.js.map
